# JRE version: OpenJDK Runtime Environment (11.0.11+9) (build 11.0.11+9-b60-7590822)
# Java VM: OpenJDK 64-Bit Server VM (11.0.11+9-b60-7590822, mixed mode, tiered, compressed oops, g1 gc, windows-amd64)
Heap:
 garbage-first heap   total 129024K, used 65896K [0x00000000a0000000, 0x0000000100000000)
  region size 1024K, 4 young (4096K), 4 survivors (4096K)
 Metaspace       used 74315K, capacity 76263K, committed 76288K, reserved 1124352K
  class space    used 9756K, capacity 10476K, committed 10496K, reserved 1048576K
GC Heap History (20 events):
Event: 9.944 GC heap before
{Heap before GC invocations=9 (full 0):
 garbage-first heap   total 129024K, used 86036K [0x00000000a0000000, 0x0000000100000000)
  region size 1024K, 67 young (68608K), 8 survivors (8192K)
 Metaspace       used 43984K, capacity 44991K, committed 45312K, reserved 1089536K
  class space    used 5646K, capacity 6025K, committed 6144K, reserved 1048576K
}
Event: 9.952 GC heap after
{Heap after GC invocations=10 (full 0):
 garbage-first heap   total 129024K, used 27973K [0x00000000a0000000, 0x0000000100000000)
  region size 1024K, 7 young (7168K), 7 survivors (7168K)
 Metaspace       used 43984K, capacity 44991K, committed 45312K, reserved 1089536K
  class space    used 5646K, capacity 6025K, committed 6144K, reserved 1048576K
}
Event: 11.517 GC heap before
{Heap before GC invocations=10 (full 0):
 garbage-first heap   total 129024K, used 95557K [0x00000000a0000000, 0x0000000100000000)
  region size 1024K, 67 young (68608K), 7 survivors (7168K)
 Metaspace       used 50380K, capacity 51543K, committed 51712K, reserved 1093632K
  class space    used 6413K, capacity 6842K, committed 6912K, reserved 1048576K
}
Event: 11.524 GC heap after
{Heap after GC invocations=11 (full 0):
 garbage-first heap   total 129024K, used 42073K [0x00000000a0000000, 0x0000000100000000)
  region size 1024K, 9 young (9216K), 9 survivors (9216K)
 Metaspace       used 50380K, capacity 51543K, committed 51712K, reserved 1093632K
  class space    used 6413K, capacity 6842K, committed 6912K, reserved 1048576K
}
Event: 12.869 GC heap before
{Heap before GC invocations=11 (full 0):
 garbage-first heap   total 129024K, used 95321K [0x00000000a0000000, 0x0000000100000000)
  region size 1024K, 61 young (62464K), 9 survivors (9216K)
 Metaspace       used 55664K, capacity 56984K, committed 57088K, reserved 1099776K
  class space    used 7089K, capacity 7580K, committed 7680K, reserved 1048576K
}
Event: 12.876 GC heap after
{Heap after GC invocations=12 (full 0):
 garbage-first heap   total 129024K, used 46182K [0x00000000a0000000, 0x0000000100000000)
  region size 1024K, 4 young (4096K), 4 survivors (4096K)
 Metaspace       used 55664K, capacity 56984K, committed 57088K, reserved 1099776K
  class space    used 7089K, capacity 7580K, committed 7680K, reserved 1048576K
}
Event: 13.920 GC heap before
{Heap before GC invocations=12 (full 0):
 garbage-first heap   total 129024K, used 98406K [0x00000000a0000000, 0x0000000100000000)
  region size 1024K, 54 young (55296K), 4 survivors (4096K)
 Metaspace       used 61588K, capacity 62881K, committed 63104K, reserved 1103872K
  class space    used 7780K, capacity 8286K, committed 8320K, reserved 1048576K
}
Event: 13.925 GC heap after
{Heap after GC invocations=13 (full 0):
 garbage-first heap   total 129024K, used 48303K [0x00000000a0000000, 0x0000000100000000)
  region size 1024K, 6 young (6144K), 6 survivors (6144K)
 Metaspace       used 61588K, capacity 62881K, committed 63104K, reserved 1103872K
  class space    used 7780K, capacity 8286K, committed 8320K, reserved 1048576K
}
Event: 14.539 GC heap before
{Heap before GC invocations=13 (full 0):
 garbage-first heap   total 129024K, used 99503K [0x00000000a0000000, 0x0000000100000000)
  region size 1024K, 56 young (57344K), 6 survivors (6144K)
 Metaspace       used 62600K, capacity 64174K, committed 64384K, reserved 1105920K
  class space    used 7927K, capacity 8522K, committed 8576K, reserved 1048576K
}
Event: 14.546 GC heap after
{Heap after GC invocations=14 (full 0):
 garbage-first heap   total 129024K, used 52799K [0x00000000a0000000, 0x0000000100000000)
  region size 1024K, 7 young (7168K), 7 survivors (7168K)
 Metaspace       used 62600K, capacity 64174K, committed 64384K, reserved 1105920K
  class space    used 7927K, capacity 8522K, committed 8576K, reserved 1048576K
}
Event: 15.183 GC heap before
{Heap before GC invocations=14 (full 0):
 garbage-first heap   total 129024K, used 100927K [0x00000000a0000000, 0x0000000100000000)
  region size 1024K, 54 young (55296K), 7 survivors (7168K)
 Metaspace       used 65661K, capacity 67388K, committed 67712K, reserved 1107968K
  class space    used 8378K, capacity 9018K, committed 9088K, reserved 1048576K
}
Event: 15.190 GC heap after
{Heap after GC invocations=15 (full 0):
 garbage-first heap   total 129024K, used 56837K [0x00000000a0000000, 0x0000000100000000)
  region size 1024K, 5 young (5120K), 5 survivors (5120K)
 Metaspace       used 65661K, capacity 67388K, committed 67712K, reserved 1107968K
  class space    used 8378K, capacity 9018K, committed 9088K, reserved 1048576K
}
Event: 15.533 GC heap before
{Heap before GC invocations=15 (full 0):
 garbage-first heap   total 129024K, used 71173K [0x00000000a0000000, 0x0000000100000000)
  region size 1024K, 20 young (20480K), 5 survivors (5120K)
 Metaspace       used 67461K, capacity 69258K, committed 69504K, reserved 1110016K
  class space    used 8690K, capacity 9340K, committed 9344K, reserved 1048576K
}
Event: 15.536 GC heap after
{Heap after GC invocations=16 (full 0):
 garbage-first heap   total 129024K, used 58177K [0x00000000a0000000, 0x0000000100000000)
  region size 1024K, 2 young (2048K), 2 survivors (2048K)
 Metaspace       used 67461K, capacity 69258K, committed 69504K, reserved 1110016K
  class space    used 8690K, capacity 9340K, committed 9344K, reserved 1048576K
}
Event: 16.423 GC heap before
{Heap before GC invocations=17 (full 0):
 garbage-first heap   total 129024K, used 104257K [0x00000000a0000000, 0x0000000100000000)
  region size 1024K, 47 young (48128K), 2 survivors (2048K)
 Metaspace       used 69309K, capacity 71065K, committed 71168K, reserved 1110016K
  class space    used 9021K, capacity 9725K, committed 9728K, reserved 1048576K
}
Event: 16.428 GC heap after
{Heap after GC invocations=18 (full 0):
 garbage-first heap   total 129024K, used 61833K [0x00000000a0000000, 0x0000000100000000)
  region size 1024K, 5 young (5120K), 5 survivors (5120K)
 Metaspace       used 69309K, capacity 71065K, committed 71168K, reserved 1110016K
  class space    used 9021K, capacity 9725K, committed 9728K, reserved 1048576K
}
Event: 17.776 GC heap before
{Heap before GC invocations=18 (full 0):
 garbage-first heap   total 129024K, used 104841K [0x00000000a0000000, 0x0000000100000000)
  region size 1024K, 47 young (48128K), 5 survivors (5120K)
 Metaspace       used 72659K, capacity 74635K, committed 74880K, reserved 1114112K
  class space    used 9512K, capacity 10264K, committed 10368K, reserved 1048576K
}
Event: 17.783 GC heap after
{Heap after GC invocations=19 (full 0):
 garbage-first heap   total 129024K, used 65078K [0x00000000a0000000, 0x0000000100000000)
  region size 1024K, 4 young (4096K), 4 survivors (4096K)
 Metaspace       used 72659K, capacity 74635K, committed 74880K, reserved 1114112K
  class space    used 9512K, capacity 10264K, committed 10368K, reserved 1048576K
}
Event: 18.328 GC heap before
{Heap before GC invocations=19 (full 0):
 garbage-first heap   total 129024K, used 80438K [0x00000000a0000000, 0x0000000100000000)
  region size 1024K, 20 young (20480K), 4 survivors (4096K)
 Metaspace       used 74315K, capacity 76263K, committed 76288K, reserved 1122304K
  class space    used 9756K, capacity 10476K, committed 10496K, reserved 1048576K
}
Event: 18.333 GC heap after
{Heap after GC invocations=20 (full 0):
 garbage-first heap   total 129024K, used 65896K [0x00000000a0000000, 0x0000000100000000)
  region size 1024K, 4 young (4096K), 4 survivors (4096K)
 Metaspace       used 74315K, capacity 76263K, committed 76288K, reserved 1122304K
  class space    used 9756K, capacity 10476K, committed 10496K, reserved 1048576K
}

